12:13:52.272131 execve("./lab4", ["./lab4"], 0x7ffdfd37df68 /* 67 vars */) = 0 <0.001000>
12:13:52.273903 brk(NULL)               = 0x55708f7f1000 <0.000288>
12:13:52.274666 arch_prctl(0x3001 /* ARCH_??? */, 0x7fff83abb2b0) = -1 EINVAL (Invalid argument) <0.000282>
12:13:52.275633 access("/etc/ld.so.preload", R_OK) = -1 ENOENT (No such file or directory) <0.000291>
12:13:52.276383 openat(AT_FDCWD, "/etc/ld.so.cache", O_RDONLY|O_CLOEXEC) = 3 <0.000282>
12:13:52.277021 fstat(3, {st_mode=S_IFREG|0644, st_size=97346, ...}) = 0 <0.000283>
12:13:52.277832 mmap(NULL, 97346, PROT_READ, MAP_PRIVATE, 3, 0) = 0x7fe0998fb000 <0.000082>
12:13:52.278263 close(3)                = 0 <0.000125>
12:13:52.278777 openat(AT_FDCWD, "/lib/x86_64-linux-gnu/libc.so.6", O_RDONLY|O_CLOEXEC) = 3 <0.000287>
12:13:52.279546 read(3, "\177ELF\2\1\1\3\0\0\0\0\0\0\0\0\3\0>\0\1\0\0\0\360q\2\0\0\0\0\0"..., 832) = 832 <0.000326>
12:13:52.280277 pread64(3, "\6\0\0\0\4\0\0\0@\0\0\0\0\0\0\0@\0\0\0\0\0\0\0@\0\0\0\0\0\0\0"..., 784, 64) = 784 <0.000108>
12:13:52.280766 pread64(3, "\4\0\0\0\20\0\0\0\5\0\0\0GNU\0\2\0\0\300\4\0\0\0\3\0\0\0\0\0\0\0", 32, 848) = 32 <0.000259>
12:13:52.281377 pread64(3, "\4\0\0\0\24\0\0\0\3\0\0\0GNU\0\t\233\222%\274\260\320\31\331\326\10\204\276X>\263"..., 68, 880) = 68 <0.000279>
12:13:52.281973 fstat(3, {st_mode=S_IFREG|0755, st_size=2029224, ...}) = 0 <0.000274>
12:13:52.282598 mmap(NULL, 8192, PROT_READ|PROT_WRITE, MAP_PRIVATE|MAP_ANONYMOUS, -1, 0) = 0x7fe0998f9000 <0.000242>
12:13:52.283175 pread64(3, "\6\0\0\0\4\0\0\0@\0\0\0\0\0\0\0@\0\0\0\0\0\0\0@\0\0\0\0\0\0\0"..., 784, 64) = 784 <0.000235>
12:13:52.283807 pread64(3, "\4\0\0\0\20\0\0\0\5\0\0\0GNU\0\2\0\0\300\4\0\0\0\3\0\0\0\0\0\0\0", 32, 848) = 32 <0.000282>
12:13:52.284426 pread64(3, "\4\0\0\0\24\0\0\0\3\0\0\0GNU\0\t\233\222%\274\260\320\31\331\326\10\204\276X>\263"..., 68, 880) = 68 <0.000296>
12:13:52.285094 mmap(NULL, 2036952, PROT_READ, MAP_PRIVATE|MAP_DENYWRITE, 3, 0) = 0x7fe099707000 <0.000330>
12:13:52.285774 mprotect(0x7fe09972c000, 1847296, PROT_NONE) = 0 <0.000254>
12:13:52.286395 mmap(0x7fe09972c000, 1540096, PROT_READ|PROT_EXEC, MAP_PRIVATE|MAP_FIXED|MAP_DENYWRITE, 3, 0x25000) = 0x7fe09972c000 <0.000321>
12:13:52.287046 mmap(0x7fe0998a4000, 303104, PROT_READ, MAP_PRIVATE|MAP_FIXED|MAP_DENYWRITE, 3, 0x19d000) = 0x7fe0998a4000 <0.000281>
12:13:52.287656 mmap(0x7fe0998ef000, 24576, PROT_READ|PROT_WRITE, MAP_PRIVATE|MAP_FIXED|MAP_DENYWRITE, 3, 0x1e7000) = 0x7fe0998ef000 <0.000268>
12:13:52.288226 mmap(0x7fe0998f5000, 13528, PROT_READ|PROT_WRITE, MAP_PRIVATE|MAP_FIXED|MAP_ANONYMOUS, -1, 0) = 0x7fe0998f5000 <0.003533>
12:13:52.292007 close(3)                = 0 <0.000254>
12:13:52.292485 arch_prctl(ARCH_SET_FS, 0x7fe0998fa540) = 0 <0.000302>
12:13:52.293048 mprotect(0x7fe0998ef000, 12288, PROT_READ) = 0 <0.000374>
12:13:52.293796 mprotect(0x55708f3ee000, 4096, PROT_READ) = 0 <0.000202>
12:13:52.294274 mprotect(0x7fe099940000, 4096, PROT_READ) = 0 <0.000241>
12:13:52.294767 munmap(0x7fe0998fb000, 97346) = 0 <0.000258>
12:13:52.295351 fstat(1, {st_mode=S_IFCHR|0620, st_rdev=makedev(0x88, 0x2), ...}) = 0 <0.000216>
12:13:52.295908 brk(NULL)               = 0x55708f7f1000 <0.000219>
12:13:52.296433 brk(0x55708f812000)     = 0x55708f812000 <0.000311>
12:13:52.297091 write(1, "\n", 1)       = 1 <0.000243>
12:13:52.297491 clone(child_stack=NULL, flags=CLONE_CHILD_CLEARTID|CLONE_CHILD_SETTID|SIGCHLD, child_tidptr=0x7fe0998fa810) = 3092 <0.000317>
12:13:52.298072 getpid()                = 3091 <0.000192>
12:13:52.298562 write(1, "Process Id for process 0 is 3091"..., 33) = 33 <0.000142>
12:13:56.978799 write(1, "Result is 1000.000000\n", 22) = 22 <0.000343>
12:13:56.979605 write(1, "Total is 1000.000000\n", 21) = 21 <0.000339>
12:13:56.980289 exit_group(0)           = ?
12:13:56.981041 +++ exited with 0 +++
